<?xml version="1.0" encoding="UTF-8"?>
<!-- Generated by org.testng.reporters.JUnitReportReporter -->
<testsuite skipped="0" hostname="PRUNEEL" name="base.BaseClass" tests="1" failures="0" timestamp="07 Jun 2021 20:54:03 GMT" time="15.421" errors="0">
  <testcase name="launchSite" time="15.421" classname="base.BaseClass"/>
</testsuite> <!-- base.BaseClass -->
