<?xml version="1.0" encoding="UTF-8"?>
<!-- Generated by org.testng.reporters.JUnitReportReporter -->
<testsuite skipped="0" hostname="PRUNEEL" name="tests.SonyExperiaTest" tests="2" failures="0" timestamp="14 Jun 2021 11:38:52 GMT" time="5.460" errors="0">
  <testcase name="onSonyPage" time="3.853" classname="tests.SonyExperiaTest"/>
  <testcase name="captureMsg" time="1.607" classname="tests.SonyExperiaTest"/>
</testsuite> <!-- tests.SonyExperiaTest -->
