<?xml version="1.0" encoding="UTF-8"?>
<!-- Generated by org.testng.reporters.JUnitReportReporter -->
<testsuite skipped="0" hostname="PRUNEEL" name="tests.HomePageTest" tests="1" failures="0" timestamp="14 Jun 2021 08:09:43 GMT" time="0.019" errors="0">
  <testcase name="homeTitle" time="0.019" classname="tests.HomePageTest"/>
</testsuite> <!-- tests.HomePageTest -->
